logDefer 2022/03/29 23:19:33 <-----------Log start----------->
logDefer 2022/03/29 23:19:33 			     Tue Mar 29 23:19:33 MSK 2022				   
logDefer 2022/03/29 23:19:33 <-----------FUNCTION one ----------->
logDefer 2022/03/29 23:19:33 Запись: 0
logDefer 2022/03/29 23:19:33 Запись: 1
logDefer 2022/03/29 23:19:33 Запись: 2
logDefer 2022/03/29 23:19:33 Запись: 3
logDefer 2022/03/29 23:19:33 Запись: 4
logDefer 2022/03/29 23:19:33 Запись: 5
logDefer 2022/03/29 23:19:33 Запись: 6
logDefer 2022/03/29 23:19:33 Запись: 7
logDefer 2022/03/29 23:19:33 Запись: 8
logDefer 2022/03/29 23:19:33 Запись: 9
logDefer 2022/03/29 23:19:33 <-----------FUNCTION one ----------->
logDefer 2022/03/29 23:19:33 <-----------FUNCTION two----------->
logDefer 2022/03/29 23:19:33 Запись: 10
logDefer 2022/03/29 23:19:33 Запись: 9
logDefer 2022/03/29 23:19:33 Запись: 8
logDefer 2022/03/29 23:19:33 Запись: 7
logDefer 2022/03/29 23:19:33 Запись: 6
logDefer 2022/03/29 23:19:33 Запись: 5
logDefer 2022/03/29 23:19:33 Запись: 4
logDefer 2022/03/29 23:19:33 Запись: 3
logDefer 2022/03/29 23:19:33 Запись: 2
logDefer 2022/03/29 23:19:33 Запись: 1
logDefer 2022/03/29 23:19:33 <-----------FUNCTION two----------->
logDefer 2022/03/29 23:19:33 			     Tue Mar 29 23:19:33 MSK 2022				   
logDefer 2022/03/29 23:19:33 			     148.896µs				   
logDefer 2022/03/29 23:19:33 <-----------Log end----------->
logDefer 2022/03/29 23:22:20 <-----------Log start----------->
logDefer 2022/03/29 23:22:20 			     Tue Mar 29 23:22:20 MSK 2022				   
logDefer 2022/03/29 23:22:20 <-----------FUNCTION one ----------->
logDefer 2022/03/29 23:22:20 Запись: 0
logDefer 2022/03/29 23:22:20 Запись: 1
logDefer 2022/03/29 23:22:20 Запись: 2
logDefer 2022/03/29 23:22:20 Запись: 3
logDefer 2022/03/29 23:22:20 Запись: 4
logDefer 2022/03/29 23:22:20 Запись: 5
logDefer 2022/03/29 23:22:20 Запись: 6
logDefer 2022/03/29 23:22:20 Запись: 7
logDefer 2022/03/29 23:22:20 Запись: 8
logDefer 2022/03/29 23:22:20 Запись: 9
logDefer 2022/03/29 23:22:20 <-----------FUNCTION one ----------->
logDefer 2022/03/29 23:22:20 <-----------FUNCTION two----------->
logDefer 2022/03/29 23:22:20 Запись: 10
logDefer 2022/03/29 23:22:20 Запись: 9
logDefer 2022/03/29 23:22:20 Запись: 8
logDefer 2022/03/29 23:22:20 Запись: 7
logDefer 2022/03/29 23:22:20 Запись: 6
logDefer 2022/03/29 23:22:20 Запись: 5
logDefer 2022/03/29 23:22:20 Запись: 4
logDefer 2022/03/29 23:22:20 Запись: 3
logDefer 2022/03/29 23:22:20 Запись: 2
logDefer 2022/03/29 23:22:20 Запись: 1
logDefer 2022/03/29 23:22:20 <-----------FUNCTION two----------->
logDefer 2022/03/29 23:22:20 			     Tue Mar 29 23:22:20 MSK 2022				   
logDefer 2022/03/29 23:22:20 			     147.968µs				   
logDefer 2022/03/29 23:22:20 <-----------Log end----------->
